<?xml version="1.0" encoding="UTF-8"?>
<testng-results skipped="0" failed="0" total="1" passed="1">
  <reporter-output>
  </reporter-output>
  <suite name="Training" duration-ms="8162" started-at="2021-03-05T11:58:23Z" finished-at="2021-03-05T11:58:31Z">
    <groups>
    </groups>
    <test name="Test" duration-ms="8162" started-at="2021-03-05T11:58:23Z" finished-at="2021-03-05T11:58:31Z">
      <class name="com.asc.framework.uitest.test.LoginPageTest">
        <test-method status="PASS" signature="setup()[pri:0, instance:com.asc.framework.uitest.test.LoginPageTest@2d209079]" name="setup" is-config="true" duration-ms="8136" started-at="2021-03-05T17:28:23Z" finished-at="2021-03-05T17:28:31Z">
          <reporter-output>
          </reporter-output>
        </test-method> <!-- setup -->
        <test-method status="PASS" signature="VerifyLoginPageTest()[pri:1, instance:com.asc.framework.uitest.test.LoginPageTest@2d209079]" name="VerifyLoginPageTest" duration-ms="15" started-at="2021-03-05T17:28:31Z" finished-at="2021-03-05T17:28:31Z">
          <reporter-output>
          </reporter-output>
        </test-method> <!-- VerifyLoginPageTest -->
      </class> <!-- com.asc.framework.uitest.test.LoginPageTest -->
    </test> <!-- Test -->
  </suite> <!-- Training -->
</testng-results>
